<?xml version="1.0" encoding="UTF-8"?>
<!-- Generated by org.testng.reporters.JUnitReportReporter -->
<testsuite hostname="DESKTOP-K0ONJ7J" failures="0" tests="1" name="com.saucedemo.qa.TestBase.BaseClass" time="0.010" errors="0" timestamp="2024-09-20T17:14:38 IST" skipped="0">
  <testcase classname="com.saucedemo.qa.TestBase.BaseClass" name="test" time="0.010"/>
</testsuite> <!-- com.saucedemo.qa.TestBase.BaseClass -->
