<?xml version="1.0" encoding="UTF-8"?>
<!-- Generated by org.testng.reporters.JUnitReportReporter -->
<testsuite hostname="DESKTOP-K0ONJ7J" failures="0" tests="3" name="com.sausedemo.qa.TestCases.Homepage_Products_Test" time="12.050" errors="0" timestamp="2024-10-12T20:42:41 IST" skipped="0">
  <testcase classname="com.sausedemo.qa.TestCases.Homepage_Products_Test" name="validateMenu" time="5.114"/>
  <testcase classname="com.sausedemo.qa.TestCases.Homepage_Products_Test" name="ValidateNorOfproducts" time="0.019"/>
  <testcase classname="com.sausedemo.qa.TestCases.Homepage_Products_Test" name="ValidateAddCart" time="6.917"/>
</testsuite> <!-- com.sausedemo.qa.TestCases.Homepage_Products_Test -->
