<?xml version="1.0" encoding="UTF-8"?>
<!-- Generated by org.testng.reporters.JUnitReportReporter -->
<testsuite hostname="DESKTOP-K0ONJ7J" failures="0" tests="1" name="com.sausedemo.qa.TestCases.Login" time="5.076" errors="0" timestamp="2024-09-24T15:01:48 IST" skipped="0">
  <testcase classname="com.sausedemo.qa.TestCases.Login" name="ValidateLogin" time="5.076"/>
</testsuite> <!-- com.sausedemo.qa.TestCases.Login -->
