<?xml version="1.0" encoding="UTF-8"?>
<!-- Generated by org.testng.reporters.JUnitReportReporter -->
<testsuite hostname="DESKTOP-K0ONJ7J" failures="0" tests="3" name="com.sausedemo.qa.TestCases.Homepage_Products" time="12.154" errors="0" timestamp="2024-09-28T14:26:49 IST" skipped="0">
  <testcase classname="com.sausedemo.qa.TestCases.Homepage_Products" name="validateMenu" time="5.205"/>
  <testcase classname="com.sausedemo.qa.TestCases.Homepage_Products" name="ValidateNorOfproducts" time="0.026"/>
  <testcase classname="com.sausedemo.qa.TestCases.Homepage_Products" name="ValidateAddCart" time="6.923"/>
</testsuite> <!-- com.sausedemo.qa.TestCases.Homepage_Products -->
