<?xml version="1.0" encoding="UTF-8"?>
<!-- Generated by org.testng.reporters.JUnitReportReporter -->
<testsuite hostname="DESKTOP-K0ONJ7J" failures="0" tests="5" name="com.sausedemo.qa.TestCases.LoginDDT_Test" time="57.894" errors="0" timestamp="2025-02-27T14:54:31 IST" skipped="0">
  <testcase classname="com.sausedemo.qa.TestCases.LoginDDT_Test" name="ValidateLogin" time="3.415"/>
  <testcase classname="com.sausedemo.qa.TestCases.LoginDDT_Test" name="ValidateLogin" time="12.344"/>
  <testcase classname="com.sausedemo.qa.TestCases.LoginDDT_Test" name="ValidateLogin" time="12.309"/>
  <testcase classname="com.sausedemo.qa.TestCases.LoginDDT_Test" name="ValidateLogin" time="12.294"/>
  <testcase classname="com.sausedemo.qa.TestCases.LoginDDT_Test" name="ValidateLogin" time="17.532"/>
</testsuite> <!-- com.sausedemo.qa.TestCases.LoginDDT_Test -->
