<?xml version="1.0" encoding="UTF-8"?>
<!-- Generated by org.testng.reporters.JUnitReportReporter -->
<testsuite hostname="DESKTOP-K0ONJ7J" failures="0" tests="15" name="com.sausedemo.qa.TestCases.LoginDDT_Test" time="173.226" errors="0" timestamp="2025-02-27T14:55:32 IST" skipped="0">
  <testcase classname="com.sausedemo.qa.TestCases.LoginDDT_Test" name="ValidateLogin" time="12.551"/>
  <testcase classname="com.sausedemo.qa.TestCases.LoginDDT_Test" name="ValidateLogin" time="12.086"/>
  <testcase classname="com.sausedemo.qa.TestCases.LoginDDT_Test" name="ValidateLogin" time="12.673"/>
  <testcase classname="com.sausedemo.qa.TestCases.LoginDDT_Test" name="ValidateLogin" time="12.696"/>
  <testcase classname="com.sausedemo.qa.TestCases.LoginDDT_Test" name="ValidateLogin" time="11.887"/>
  <testcase classname="com.sausedemo.qa.TestCases.LoginDDT_Test" name="ValidateLogin" time="12.508"/>
  <testcase classname="com.sausedemo.qa.TestCases.LoginDDT_Test" name="ValidateLogin" time="12.679"/>
  <testcase classname="com.sausedemo.qa.TestCases.LoginDDT_Test" name="ValidateLogin" time="7.976"/>
  <testcase classname="com.sausedemo.qa.TestCases.LoginDDT_Test" name="ValidateLogin" time="12.658"/>
  <testcase classname="com.sausedemo.qa.TestCases.LoginDDT_Test" name="ValidateLogin" time="7.947"/>
  <testcase classname="com.sausedemo.qa.TestCases.LoginDDT_Test" name="ValidateLogin" time="12.560"/>
  <testcase classname="com.sausedemo.qa.TestCases.LoginDDT_Test" name="ValidateLogin" time="7.902"/>
  <testcase classname="com.sausedemo.qa.TestCases.LoginDDT_Test" name="ValidateLogin" time="11.887"/>
  <testcase classname="com.sausedemo.qa.TestCases.LoginDDT_Test" name="ValidateLogin" time="12.517"/>
  <testcase classname="com.sausedemo.qa.TestCases.LoginDDT_Test" name="ValidateLogin" time="12.699"/>
</testsuite> <!-- com.sausedemo.qa.TestCases.LoginDDT_Test -->
